<?xml version="1.0" encoding="UTF-8" ?>
<testsuites>

  <testsuite name="WeakMapsShim should expect method &quot;delete&quot; to" errors="0" tests="3" failures="0" time="0.002" timestamp="Thu Jan 08 2015 20:19:44 GMT-0800 (PST)">
    
      <testcase assertions="0" classname="WeakMapsShim should expect method &quot;delete&quot; to" name="return do nothing when the object doesn&#39;t exist" time="0">
        
      </testcase>
    
      <testcase assertions="0" classname="WeakMapsShim should expect method &quot;delete&quot; to" name="delete only the reference where delete where called" time="0.001">
        
      </testcase>
    
      <testcase assertions="0" classname="WeakMapsShim should expect method &quot;delete&quot; to" name="delete and set multiple times" time="0">
        
      </testcase>
    
  </testsuite>

</testsuites>