<?xml version="1.0" encoding="UTF-8" ?>
<testsuites>

  <testsuite name="WeakMapsShim should expect method &quot;get&quot; to" errors="0" tests="1" failures="0" time="0" timestamp="Thu Jan 08 2015 17:01:03 GMT-0800 (PST)">
    
      <testcase assertions="0" classname="WeakMapsShim should expect method &quot;get&quot; to" name="retrive the value of a setted object" time="0">
        
      </testcase>
    
  </testsuite>

</testsuites>