<?xml version="1.0" encoding="UTF-8" ?>
<testsuites>

  <testsuite name="ObjectEvent should be ran ïnitEvent&quot;" errors="0" tests="1" failures="0" time="0.002" timestamp="Thu Jan 08 2015 16:57:40 GMT-0800 (PST)">
    
      <testcase assertions="0" classname="ObjectEvent should be ran ïnitEvent&quot;" name="when dispatching a event" time="0.002">
        
      </testcase>
    
  </testsuite>

</testsuites>