<?xml version="1.0" encoding="UTF-8" ?>
<testsuites>

  <testsuite name="ObjectEvent should be ran ïnitEvent&quot;" errors="0" tests="1" failures="0" time="0.003" timestamp="Wed Jan 07 2015 23:34:07 GMT-0800 (PST)">
    
      <testcase assertions="0" classname="ObjectEvent should be ran ïnitEvent&quot;" name="when dispatching a event" time="0.003">
        
      </testcase>
    
  </testsuite>

</testsuites>