<?xml version="1.0" encoding="UTF-8" ?>
<testsuites>

  <testsuite name="ObjectEvent should be able to ran &quot;preventDefault&quot;" errors="0" tests="4" failures="0" time="0.004" timestamp="Thu Jan 08 2015 20:30:24 GMT-0800 (PST)">
    
      <testcase assertions="0" classname="ObjectEvent should be able to ran &quot;preventDefault&quot;" name="return true when not cancelable event" time="0">
        
      </testcase>
    
      <testcase assertions="0" classname="ObjectEvent should be able to ran &quot;preventDefault&quot;" name="return false when cancelable event" time="0.001">
        
      </testcase>
    
      <testcase assertions="0" classname="ObjectEvent should be able to ran &quot;preventDefault&quot;" name="return true when not cancelable event of native event" time="0.001">
        
      </testcase>
    
      <testcase assertions="0" classname="ObjectEvent should be able to ran &quot;preventDefault&quot;" name="return false when cancelable event of native event" time="0">
        
      </testcase>
    
  </testsuite>

</testsuites>