<?xml version="1.0" encoding="UTF-8" ?>
<testsuites>

  <testsuite name="WeakMapsShim should" errors="0" tests="5" failures="0" time="0.02" timestamp="Thu Jan 08 2015 20:22:14 GMT-0800 (PST)">
    
      <testcase assertions="0" classname="WeakMapsShim should" name="be available on debug mode" time="0.006">
        
      </testcase>
    
      <testcase assertions="0" classname="WeakMapsShim should" name="have the method &quot;get&quot;" time="0">
        
      </testcase>
    
      <testcase assertions="0" classname="WeakMapsShim should" name="have the method &quot;set&quot;" time="0.001">
        
      </testcase>
    
      <testcase assertions="0" classname="WeakMapsShim should" name="have the method &quot;has&quot;" time="0">
        
      </testcase>
    
      <testcase assertions="0" classname="WeakMapsShim should" name="have the method &quot;delete&quot;" time="0.001">
        
      </testcase>
    
  </testsuite>

</testsuites>