<?xml version="1.0" encoding="UTF-8" ?>
<testsuites>

  <testsuite name="ObjectEvent should be able to ran &quot;preventDefault&quot;" errors="1" tests="2" failures="1" time="0.002" timestamp="Thu Jan 08 2015 00:12:57 GMT-0800 (PST)">
    
      <testcase assertions="0" classname="ObjectEvent should be able to ran &quot;preventDefault&quot;" name="return true when not cancelable event" time="0">
        
      </testcase>
    
      <testcase assertions="0" classname="ObjectEvent should be able to ran &quot;preventDefault&quot;" name="return false when cancelable event" time="0">
        
          <failure><![CDATA[Expected true to be false.]]></failure>
        
      </testcase>
    
  </testsuite>

</testsuites>